[2025-06-26 17:18:13][SERVER] Running on port 3333
[2025-06-26 17:18:23][OPTIONS][/api/employer/1d912e7b-ac23-4fd3-8978-8036ef4bd0f6] IP: ::1
[2025-06-26 17:18:25][GET][/api/employer/1d912e7b-ac23-4fd3-8978-8036ef4bd0f6] IP: ::1
[2025-06-26 17:18:25][GET][/api/employer/1d912e7b-ac23-4fd3-8978-8036ef4bd0f6] Status: 200 Time: 627ms
[2025-06-26 17:18:27][OPTIONS][/api/employers] IP: ::1
[2025-06-26 17:18:27][GET][/api/employers] IP: ::1
[2025-06-26 17:18:27][GET][/api/employers] Status: 200 Time: 117ms
[2025-06-26 17:18:43][POST][/login-app] IP: ::ffff:172.18.16.1
[2025-06-26 17:19:06][POST][/login-app] IP: ::ffff:172.18.16.1
[2025-06-26 17:20:21][SERVER] Running on port 3333
[2025-06-26 17:20:32][SERVER] Running on port 3333
[2025-06-26 17:20:44][SERVER] Running on port 3333
[2025-06-26 17:20:49][SERVER] Running on port 3333
[2025-06-26 17:20:52][POST][/login-app] IP: ::ffff:172.18.16.1
[2025-06-26 17:21:48][SERVER] Running on port 3333
[2025-06-26 17:21:57][SERVER] Running on port 3333
[2025-06-26 17:21:59][POST][/login-app] IP: ::ffff:172.18.16.1
[2025-06-26 17:22:04][POST][/login-app] IP: ::ffff:172.18.16.1
[2025-06-26 17:24:45][SERVER] Running on port 3333
[2025-06-26 17:25:27][POST][/login-app] IP: ::ffff:172.18.16.1
[2025-06-26 17:26:38][SERVER] Running on port 3333
[2025-06-26 17:26:38][POST][/login-app] IP: ::ffff:172.18.16.1
[2025-06-26 17:27:15][SERVER] Running on port 3333
[2025-06-26 17:27:20][SERVER] Running on port 3333
[2025-06-26 17:27:23][POST][/login-app] IP: ::ffff:172.18.16.1
[2025-06-26 17:28:00][SERVER] Running on port 3333
[2025-06-26 17:28:01][POST][/login-app] IP: ::ffff:172.18.16.1
[2025-06-26 17:29:06][SERVER] Running on port 3333
[2025-06-26 17:29:17][INFO] [SERVER] Running on port 3333
[2025-06-26 17:29:36][INFO] [SERVER] Running on port 3333
[2025-06-26 17:29:40][INFO] [POST][/login-app] IP: ::ffff:172.18.16.1
[2025-06-26 17:29:50][INFO] Server started
[2025-06-26 17:30:09][INFO] Server started
[2025-06-26 17:30:11]Server started
[2025-06-26 17:30:15]Incoming request
[2025-06-26 17:30:41]Server started
[2025-06-26 17:30:44]Server started
[2025-06-26 17:30:48]Server started
[2025-06-26 17:30:49]Incoming request - POST /login-app from ::ffff:172.18.16.1
[2025-06-26 17:31:41]Server started
[2025-06-26 17:31:50]Server started
[2025-06-26 17:31:52]Incoming request - POST /login-app from ::ffff:172.18.16.1
[2025-06-26 17:31:52]Route not found - POST /login-app
[2025-06-26 17:31:52]Request failed
[2025-06-26 17:33:03]Incoming request - POST /login-app from ::ffff:172.18.16.1
[2025-06-26 17:33:03]Route not found - POST /login-app
[2025-06-26 17:33:03]Request failed
[2025-06-26 17:33:38]Incoming request - POST /api/login-app from ::ffff:172.29.109.172
[2025-06-26 17:33:38]Attempting to login with CPF: 48494344102
[2025-06-26 17:33:39]Found employee with CPF: 48494344102
[2025-06-26 17:33:39]Login successful for CPF: 48494344102, user type: employee
[2025-06-26 17:33:39]Request completed
[2025-06-26 17:33:40]Incoming request - GET /api/employee-contracts from ::ffff:172.29.109.172
[2025-06-26 17:33:40]Request completed
[2025-06-26 17:33:40]Incoming request - GET /api/worklogToday/894881de-a2b0-466c-b1d5-98a2258f541b from ::ffff:172.29.109.172
[2025-06-26 17:33:40]Request completed
<<<<<<< Updated upstream
[2025-06-29 21:29:31]Server started
[2025-06-29 21:36:05]Server started
[2025-06-29 21:36:31]Incoming request - POST /api/login-app from ::ffff:127.0.0.1
[2025-06-29 21:40:59]Attempting to login with CPF: 48494344102
[2025-06-29 21:40:59]Incoming request - POST /api/login-app from ::ffff:127.0.0.1
[2025-06-29 21:40:59]Attempting to login with CPF: 48494344102
[2025-06-29 21:40:59]Incoming request - POST /api/login-app from ::ffff:127.0.0.1
[2025-06-29 21:40:59]Attempting to login with CPF: 48494344102
[2025-06-29 21:41:00]Found employee with CPF: 48494344102
[2025-06-29 21:41:00]Found employee with CPF: 48494344102
[2025-06-29 21:41:00]Found employee with CPF: 48494344102
[2025-06-29 21:41:00]Login successful for CPF: 48494344102, user type: employee
[2025-06-29 21:41:00]Request completed
[2025-06-29 21:41:00]Login successful for CPF: 48494344102, user type: employee
[2025-06-29 21:41:00]Request completed
[2025-06-29 21:41:00]Login successful for CPF: 48494344102, user type: employee
[2025-06-29 21:41:00]Request completed
[2025-06-29 21:41:58]Incoming request - POST /api/login-app from ::ffff:127.0.0.1
[2025-06-29 21:42:02]Attempting to login with CPF: 48494344102
[2025-06-29 21:42:02]Found employee with CPF: 48494344102
[2025-06-29 21:42:18]Incoming request - POST /api/login-app from ::ffff:127.0.0.1
[2025-06-29 21:42:18]Attempting to login with CPF: 48494344102
[2025-06-29 21:42:18]Login successful for CPF: 48494344102, user type: employee
[2025-06-29 21:42:18]Request completed
[2025-06-29 21:42:18]Found employee with CPF: 48494344102
[2025-06-29 21:42:41]Incoming request - POST /api/login-app from ::ffff:127.0.0.1
[2025-06-29 21:42:41]Attempting to login with CPF: 48494344102
[2025-06-29 21:42:41]Login successful for CPF: 48494344102, user type: employee
[2025-06-29 21:42:41]Request completed
[2025-06-29 21:42:41]Found employee with CPF: 48494344102
[2025-06-29 21:42:41]Login successful for CPF: 48494344102, user type: employee
[2025-06-29 21:42:41]Request completed
[2025-06-29 21:42:42]Incoming request - GET /api/employee-contracts from ::ffff:127.0.0.1
[2025-06-29 21:42:42]Request completed
[2025-06-29 21:42:42]Incoming request - GET /api/worklogToday/894881de-a2b0-466c-b1d5-98a2258f541b from ::ffff:127.0.0.1
[2025-06-29 21:42:42]Request completed
[2025-06-29 21:42:44]Incoming request - GET /api/worklogToday/9dcf12fa-56bc-462f-bb93-4a3dd23b2429 from ::ffff:127.0.0.1
[2025-06-29 21:42:44]Request completed
[2025-06-29 21:42:50]Incoming request - POST /api/worklog from ::ffff:127.0.0.1
[2025-06-29 21:42:50]Request failed
[2025-06-29 21:42:55]Incoming request - POST /api/worklog from ::ffff:127.0.0.1
[2025-06-29 21:42:55]Request failed
[2025-06-29 21:42:59]Incoming request - GET /api/worklogToday/894881de-a2b0-466c-b1d5-98a2258f541b from ::ffff:127.0.0.1
[2025-06-29 21:43:00]Request completed
[2025-06-29 21:43:01]Incoming request - POST /api/worklog from ::ffff:127.0.0.1
[2025-06-29 21:43:01]Request failed
[2025-06-29 21:47:14]Incoming request - POST /api/worklog from ::ffff:127.0.0.1
[2025-06-29 21:47:20]Request completed
[2025-06-29 21:47:29]Incoming request - PUT /api/worklog from ::ffff:127.0.0.1
[2025-06-29 21:47:30]Request completed
[2025-06-29 21:47:35]Incoming request - PUT /api/worklog from ::ffff:127.0.0.1
[2025-06-29 21:47:46]Request completed
[2025-06-29 21:47:48]Incoming request - PUT /api/worklog from ::ffff:127.0.0.1
[2025-06-29 21:47:48]Request completed
[2025-06-29 21:48:36]Incoming request - GET /api/worklogToday/9dcf12fa-56bc-462f-bb93-4a3dd23b2429 from ::ffff:127.0.0.1
[2025-06-29 21:48:36]Request completed
[2025-06-29 21:48:38]Incoming request - POST /api/worklog from ::ffff:127.0.0.1
[2025-06-29 21:48:39]Request failed
[2025-06-29 21:48:42]Incoming request - POST /api/worklog from ::ffff:127.0.0.1
[2025-06-29 21:48:42]Request failed
[2025-06-29 21:49:31]Incoming request - GET /api/worklogToday/894881de-a2b0-466c-b1d5-98a2258f541b from ::ffff:127.0.0.1
[2025-06-29 21:49:55]Incoming request - GET /api/worklogToday/9dcf12fa-56bc-462f-bb93-4a3dd23b2429 from ::ffff:127.0.0.1
[2025-06-29 21:49:55]Incoming request - GET /api/worklogToday/894881de-a2b0-466c-b1d5-98a2258f541b from ::ffff:127.0.0.1
[2025-06-29 21:49:55]Incoming request - POST /api/worklog from ::ffff:127.0.0.1
[2025-06-29 21:49:55]Request completed
[2025-06-29 21:49:55]Request completed
[2025-06-29 21:49:55]Request completed
[2025-06-29 21:49:55]Request failed
[2025-06-29 21:50:00]Incoming request - GET /api/worklogToday/9dcf12fa-56bc-462f-bb93-4a3dd23b2429 from ::ffff:127.0.0.1
[2025-06-29 21:50:00]Request completed
[2025-06-29 21:50:02]Incoming request - POST /api/worklog from ::ffff:127.0.0.1
[2025-06-29 21:50:02]Request failed
[2025-06-29 21:50:07]Incoming request - GET /api/worklogToday/894881de-a2b0-466c-b1d5-98a2258f541b from ::ffff:127.0.0.1
[2025-06-29 21:50:07]Request completed
[2025-06-29 21:50:32]Incoming request - GET /api/worklogToday/9dcf12fa-56bc-462f-bb93-4a3dd23b2429 from ::ffff:127.0.0.1
[2025-06-29 21:50:32]Request completed
[2025-06-29 21:50:34]Incoming request - POST /api/worklog from ::ffff:127.0.0.1
[2025-06-29 21:50:34]Request failed
[2025-06-29 21:50:37]Incoming request - POST /api/worklog from ::ffff:127.0.0.1
[2025-06-29 21:50:37]Request failed
[2025-06-29 21:50:41]Incoming request - POST /api/worklog from ::ffff:127.0.0.1
[2025-06-29 21:50:41]Request failed
[2025-06-29 21:50:45]Incoming request - POST /api/worklog from ::ffff:127.0.0.1
[2025-06-29 21:50:45]Request failed
[2025-06-29 21:51:05]Server started
[2025-06-29 21:51:28]Incoming request - POST /api/login-app from ::ffff:127.0.0.1
[2025-06-29 21:51:28]Attempting to login with CPF: 48494344102
[2025-06-29 21:51:29]Found employee with CPF: 48494344102
[2025-06-29 21:51:29]Login successful for CPF: 48494344102, user type: employee
[2025-06-29 21:51:29]Request completed
[2025-06-29 21:51:29]Incoming request - GET /api/employee-contracts from ::ffff:127.0.0.1
[2025-06-29 21:51:30]Request completed
[2025-06-29 21:51:30]Incoming request - GET /api/worklogToday/894881de-a2b0-466c-b1d5-98a2258f541b from ::ffff:127.0.0.1
[2025-06-29 21:51:30]Request completed
[2025-06-29 21:51:32]Incoming request - GET /api/worklogToday/9dcf12fa-56bc-462f-bb93-4a3dd23b2429 from ::ffff:127.0.0.1
[2025-06-29 21:51:32]Request completed
[2025-06-29 21:51:34]Incoming request - POST /api/worklog from ::ffff:127.0.0.1
[2025-06-29 21:51:34]Request failed
[2025-06-29 21:51:41]Incoming request - POST /api/worklog from ::ffff:127.0.0.1
[2025-06-29 21:51:41]Request failed
[2025-06-29 21:51:55]Incoming request - POST /api/worklog from ::ffff:127.0.0.1
[2025-06-29 21:51:55]Request failed
[2025-06-29 21:51:57]Incoming request - POST /api/worklog from ::ffff:127.0.0.1
[2025-06-29 21:51:57]Request failed
[2025-06-29 21:52:02]Incoming request - GET /api/worklogToday/894881de-a2b0-466c-b1d5-98a2258f541b from ::ffff:127.0.0.1
[2025-06-29 21:52:02]Request completed
[2025-06-29 21:52:04]Incoming request - POST /api/worklog from ::ffff:127.0.0.1
[2025-06-29 21:52:05]Request completed
[2025-06-29 21:52:06]Incoming request - PUT /api/worklog from ::ffff:127.0.0.1
[2025-06-29 21:52:07]Request completed
[2025-06-29 21:52:08]Incoming request - PUT /api/worklog from ::ffff:127.0.0.1
[2025-06-29 21:52:08]Request completed
[2025-06-29 21:52:09]Incoming request - PUT /api/worklog from ::ffff:127.0.0.1
[2025-06-29 21:52:09]Request completed
[2025-06-29 21:52:46]Incoming request - GET /api/employee-contracts from ::ffff:127.0.0.1
[2025-06-29 21:52:47]Request completed
[2025-06-29 21:52:47]Incoming request - GET /api/worklogToday/894881de-a2b0-466c-b1d5-98a2258f541b from ::ffff:127.0.0.1
[2025-06-29 21:52:47]Request completed
[2025-06-29 21:52:49]Incoming request - GET /api/worklogToday/9dcf12fa-56bc-462f-bb93-4a3dd23b2429 from ::ffff:127.0.0.1
[2025-06-29 21:52:49]Request completed
[2025-06-29 21:52:53]Incoming request - POST /api/worklog from ::ffff:127.0.0.1
[2025-06-29 21:52:53]Request failed
[2025-06-29 21:52:54]Incoming request - POST /api/worklog from ::ffff:127.0.0.1
[2025-06-29 21:52:55]Request failed
[2025-06-30 13:49:21]Server started
[2025-06-30 13:52:03]Incoming request - POST /api/login-app from ::ffff:127.0.0.1
[2025-06-30 13:52:10]Attempting to login with CPF: 42206663031
[2025-06-30 13:52:10]Found employer with CPF: 42206663031
[2025-06-30 13:52:10]Login successful for CPF: 42206663031, user type: employer
[2025-06-30 13:52:10]Request completed
[2025-06-30 13:58:23]Incoming request - POST /api/login-app from ::ffff:127.0.0.1
[2025-06-30 13:58:23]Attempting to login with CPF: 42206663031
[2025-06-30 13:58:23]Found employer with CPF: 42206663031
[2025-06-30 13:58:23]Login successful for CPF: 42206663031, user type: employer
[2025-06-30 13:58:23]Request completed
=======
[2025-06-28 17:22:07]Server started
[2025-06-28 17:22:34]Incoming request - OPTIONS /login-app from ::1
[2025-06-28 17:22:34]Incoming request - POST /login-app from ::1
[2025-06-28 17:22:34]Route not found - POST /login-app
[2025-06-28 17:22:34]Request failed
[2025-06-28 17:22:57]Incoming request - OPTIONS /api/login-app from ::1
[2025-06-28 17:22:57]Incoming request - POST /api/login-app from ::1
[2025-06-28 17:22:57]Attempting to login with CPF: 42206663031
[2025-06-28 17:22:58]Found employer with CPF: 42206663031
[2025-06-28 17:22:58]Login successful for CPF: 42206663031, user type: employer
[2025-06-28 17:22:58]Request completed
[2025-06-28 17:23:12]Incoming request - OPTIONS /api/login-app from ::1
[2025-06-28 17:23:12]Incoming request - POST /api/login-app from ::1
[2025-06-28 17:23:12]Attempting to login with CPF: 48494344102
[2025-06-28 17:23:12]Found employee with CPF: 48494344102
[2025-06-28 17:23:12]Login successful for CPF: 48494344102, user type: employee
[2025-06-28 17:23:12]Request completed
[2025-06-28 17:23:12]Incoming request - OPTIONS /api/employee-contracts from ::1
[2025-06-28 17:23:12]Incoming request - GET /api/employee-contracts from ::1
[2025-06-28 17:23:13]Request completed
[2025-06-28 17:23:13]Incoming request - OPTIONS /api/worklogToday/894881de-a2b0-466c-b1d5-98a2258f541b from ::1
[2025-06-28 17:23:13]Incoming request - GET /api/worklogToday/894881de-a2b0-466c-b1d5-98a2258f541b from ::1
[2025-06-28 17:23:13]Request completed
[2025-06-28 17:23:17]Incoming request - OPTIONS /api/worklog from ::1
[2025-06-28 17:23:17]Incoming request - POST /api/worklog from ::1
[2025-06-28 17:23:17]Request failed
[2025-06-30 16:03:52]Server started
[2025-06-30 16:03:58]Incoming request - GET /api/worklog?cpf=48494344102 from ::1
[2025-06-30 16:03:58]Request failed
[2025-06-30 16:05:24]Incoming request - GET /api/worklog?cpf=48494344102 from ::1
[2025-06-30 16:05:24]Request failed
[2025-06-30 16:06:16]Incoming request - GET /api/worklog?cpf=48494344102 from ::1
[2025-06-30 16:06:16]Request failed
[2025-06-30 16:07:47]Server started
[2025-06-30 16:07:50]Incoming request - GET /api/worklog?cpf=48494344102 from ::1
[2025-06-30 16:07:50]Request failed
[2025-06-30 16:11:52]Server started
[2025-06-30 16:11:56]Incoming request - GET /api/worklog?cpf=48494344102 from ::1
[2025-06-30 16:14:14]Incoming request - POST /api/login-app from ::1
[2025-06-30 16:14:14]Attempting to login with CPF: 01646027043
[2025-06-30 16:14:14]Found employee with CPF: 01646027043
[2025-06-30 16:14:15]Login successful for CPF: 01646027043, user type: employee
[2025-06-30 16:14:15]Request completed
[2025-06-30 16:15:30]Incoming request - GET /api/worklog?cpf=48494344102 from ::1
[2025-06-30 16:15:58]Server started
[2025-06-30 16:16:00]Incoming request - GET /api/worklog?cpf=48494344102 from ::1
[2025-06-30 16:16:09]Incoming request - GET /api/worklog?cpf=48494344102 from ::1
[2025-06-30 16:16:21]Server started
[2025-06-30 16:16:25]Incoming request - GET /api/worklog?cpf=48494344102 from ::1
[2025-06-30 16:16:26]Request completed
[2025-06-30 16:21:23]Incoming request - GET /api/worklog?cpf=48494344102 from ::1
[2025-06-30 16:21:24]Request completed
[2025-06-30 16:26:45]Server started
[2025-06-30 16:26:50]Incoming request - GET /api/worklog?cpf=48494344102 from ::1
[2025-06-30 16:26:50]oi
[2025-06-30 16:26:51]Request completed
[2025-06-30 16:28:24](node:10572) [DEP0040] DeprecationWarning: The `punycode` module is deprecated. Please use a userland alternative instead.
(Use `node --trace-deprecation ...` to show where the warning was created)
[2025-06-30 16:28:24]Server started
[2025-06-30 16:28:27]Incoming request - GET /api/worklog?cpf=48494344102 from ::1
[2025-06-30 16:28:27]oi
[2025-06-30 16:28:27]oi2
[2025-06-30 16:28:27]Request completed
>>>>>>> Stashed changes
[2025-06-30 16:42:09](node:12248) [DEP0040] DeprecationWarning: The `punycode` module is deprecated. Please use a userland alternative instead.
(Use `node --trace-deprecation ...` to show where the warning was created)
[2025-06-30 16:42:09]Server started
[2025-06-30 16:42:14]Incoming request - GET /api/worklog?cpf=48494344102 from ::1
[2025-06-30 16:42:14]Request completed
[2025-06-30 16:42:52]Incoming request - GET /api/worklog?cpf=48494344102 from ::1
[2025-06-30 16:42:53]Request completed
[2025-06-30 16:42:55](node:17216) [DEP0040] DeprecationWarning: The `punycode` module is deprecated. Please use a userland alternative instead.
(Use `node --trace-deprecation ...` to show where the warning was created)
[2025-06-30 16:42:55]Server started
[2025-06-30 16:43:00]Incoming request - GET /api/worklog?cpf=48494344102 from ::1
[2025-06-30 16:43:01]deu para entrar aqui
[2025-06-30 16:43:01]Request completed
[2025-06-30 16:44:42](node:9308) [DEP0040] DeprecationWarning: The `punycode` module is deprecated. Please use a userland alternative instead.
(Use `node --trace-deprecation ...` to show where the warning was created)
[2025-06-30 16:44:42]Server started
[2025-06-30 16:44:54]Incoming request - GET /api/worklog?cpf=48494344102 from ::1
[2025-06-30 16:44:54]empregadoData.id, inicio, fim e66ea3b0-c13f-4c2b-9aeb-02da933efcc3  
[2025-06-30 16:44:54]Request completed
[2025-06-30 16:45:18](node:16876) [DEP0040] DeprecationWarning: The `punycode` module is deprecated. Please use a userland alternative instead.
(Use `node --trace-deprecation ...` to show where the warning was created)
[2025-06-30 16:45:18]Server started
[2025-06-30 16:45:24](node:13708) [DEP0040] DeprecationWarning: The `punycode` module is deprecated. Please use a userland alternative instead.
(Use `node --trace-deprecation ...` to show where the warning was created)
[2025-06-30 16:45:24]Server started
[2025-06-30 16:45:27](node:15924) [DEP0040] DeprecationWarning: The `punycode` module is deprecated. Please use a userland alternative instead.
(Use `node --trace-deprecation ...` to show where the warning was created)
[2025-06-30 16:45:27]Server started
[2025-06-30 16:45:29](node:11708) [DEP0040] DeprecationWarning: The `punycode` module is deprecated. Please use a userland alternative instead.
(Use `node --trace-deprecation ...` to show where the warning was created)
[2025-06-30 16:45:29]Server started
[2025-06-30 16:45:34](node:15576) [DEP0040] DeprecationWarning: The `punycode` module is deprecated. Please use a userland alternative instead.
(Use `node --trace-deprecation ...` to show where the warning was created)
[2025-06-30 16:45:34]Server started
[2025-06-30 16:45:36]Incoming request - GET /api/worklog?cpf=48494344102 from ::1
[2025-06-30 16:45:37]empregadoData.id, inicio, fim e66ea3b0-c13f-4c2b-9aeb-02da933efcc3  
[2025-06-30 16:45:37]registros 
[2025-06-30 16:45:37]Request completed
[2025-06-30 16:45:48](node:340) [DEP0040] DeprecationWarning: The `punycode` module is deprecated. Please use a userland alternative instead.
(Use `node --trace-deprecation ...` to show where the warning was created)
[2025-06-30 16:45:48]Server started
[2025-06-30 16:45:49](node:1492) [DEP0040] DeprecationWarning: The `punycode` module is deprecated. Please use a userland alternative instead.
(Use `node --trace-deprecation ...` to show where the warning was created)
[2025-06-30 16:45:49]Server started
[2025-06-30 16:45:57]Incoming request - GET /api/worklog?cpf=48494344102 from ::1
[2025-06-30 16:45:57]empregadoData.id, inicio, fim e66ea3b0-c13f-4c2b-9aeb-02da933efcc3  
[2025-06-30 16:45:57]registros  fim
[2025-06-30 16:45:57]Request completed
[2025-06-30 16:46:20](node:8520) [DEP0040] DeprecationWarning: The `punycode` module is deprecated. Please use a userland alternative instead.
(Use `node --trace-deprecation ...` to show where the warning was created)
[2025-06-30 16:46:20]Server started
[2025-06-30 16:46:21]Incoming request - GET /api/worklog?cpf=48494344102 from ::1
[2025-06-30 16:46:21]empregadoData.id, inicio, fim e66ea3b0-c13f-4c2b-9aeb-02da933efcc3  
[2025-06-30 16:46:21]entrei
[2025-06-30 16:46:21]registros  fim
[2025-06-30 16:46:21]Request completed
[2025-06-30 16:46:32](node:17000) [DEP0040] DeprecationWarning: The `punycode` module is deprecated. Please use a userland alternative instead.
(Use `node --trace-deprecation ...` to show where the warning was created)
[2025-06-30 16:46:32]Server started
[2025-06-30 16:46:42](node:14200) [DEP0040] DeprecationWarning: The `punycode` module is deprecated. Please use a userland alternative instead.
(Use `node --trace-deprecation ...` to show where the warning was created)
[2025-06-30 16:46:42]Server started
[2025-06-30 16:46:50](node:17876) [DEP0040] DeprecationWarning: The `punycode` module is deprecated. Please use a userland alternative instead.
(Use `node --trace-deprecation ...` to show where the warning was created)
[2025-06-30 16:46:50]Server started
[2025-06-30 16:46:52]Incoming request - GET /api/worklog?cpf=48494344102 from ::1
[2025-06-30 16:46:53]empregadoData.id, inicio, fim e66ea3b0-c13f-4c2b-9aeb-02da933efcc3  
[2025-06-30 16:46:53]Erro interno no getRecordsModel: ReferenceError: data is not defined
[2025-06-30 16:46:53]Request failed
[2025-06-30 16:47:03](node:17256) [DEP0040] DeprecationWarning: The `punycode` module is deprecated. Please use a userland alternative instead.
(Use `node --trace-deprecation ...` to show where the warning was created)
[2025-06-30 16:47:03]Server started
[2025-06-30 16:47:07](node:6812) [DEP0040] DeprecationWarning: The `punycode` module is deprecated. Please use a userland alternative instead.
(Use `node --trace-deprecation ...` to show where the warning was created)
[2025-06-30 16:47:07]Server started
[2025-06-30 16:47:08]Incoming request - GET /api/worklog?cpf=48494344102 from ::1
[2025-06-30 16:47:09]empregadoData.id, inicio, fim e66ea3b0-c13f-4c2b-9aeb-02da933efcc3  
[2025-06-30 16:47:09]data 
[2025-06-30 16:47:09]registros  fim
[2025-06-30 16:47:09]Request completed
[2025-06-30 16:49:17](node:8752) [DEP0040] DeprecationWarning: The `punycode` module is deprecated. Please use a userland alternative instead.
(Use `node --trace-deprecation ...` to show where the warning was created)
[2025-06-30 16:49:17]Server started
[2025-06-30 16:49:30]Incoming request - GET /api/worklog?cpf=48494344102 from ::1
[2025-06-30 16:49:30]empregadoData.id, inicio, fim e66ea3b0-c13f-4c2b-9aeb-02da933efcc3  
[2025-06-30 16:49:30]data [object Object],[object Object],[object Object],[object Object],[object Object]
[2025-06-30 16:49:30]registros [object Object],[object Object],[object Object],[object Object],[object Object] fim
[2025-06-30 16:49:30]Request completed
[2025-06-30 16:51:43](node:1104) [DEP0040] DeprecationWarning: The `punycode` module is deprecated. Please use a userland alternative instead.
(Use `node --trace-deprecation ...` to show where the warning was created)
[2025-06-30 16:51:43]Server started
[2025-06-30 16:51:45]Incoming request - GET /api/worklog?cpf=48494344102 from ::1
[2025-06-30 16:51:46]empregadoData.id, inicio, fim e66ea3b0-c13f-4c2b-9aeb-02da933efcc3  
[2025-06-30 16:51:46]registros [object Object],[object Object],[object Object],[object Object],[object Object] fim
[2025-06-30 16:51:46]Request completed
[2025-06-30 16:57:01](node:7496) [DEP0040] DeprecationWarning: The `punycode` module is deprecated. Please use a userland alternative instead.
(Use `node --trace-deprecation ...` to show where the warning was created)
[2025-06-30 16:57:01]Server started
[2025-06-30 16:57:05]Incoming request - GET /api/worklog?cpf=48494344102 from ::1
[2025-06-30 16:57:06]empregadoData.id, inicio, fim e66ea3b0-c13f-4c2b-9aeb-02da933efcc3  
[2025-06-30 16:57:06]registros [object Object] fim
[2025-06-30 16:57:06]Request completed
[2025-06-30 16:57:58](node:8772) [DEP0040] DeprecationWarning: The `punycode` module is deprecated. Please use a userland alternative instead.
(Use `node --trace-deprecation ...` to show where the warning was created)
[2025-06-30 16:57:58]Server started
[2025-06-30 16:58:01](node:7156) [DEP0040] DeprecationWarning: The `punycode` module is deprecated. Please use a userland alternative instead.
(Use `node --trace-deprecation ...` to show where the warning was created)
[2025-06-30 16:58:01]Server started
[2025-06-30 16:58:09](node:17232) [DEP0040] DeprecationWarning: The `punycode` module is deprecated. Please use a userland alternative instead.
(Use `node --trace-deprecation ...` to show where the warning was created)
[2025-06-30 16:58:09]Server started
[2025-06-30 16:58:12](node:10592) [DEP0040] DeprecationWarning: The `punycode` module is deprecated. Please use a userland alternative instead.
(Use `node --trace-deprecation ...` to show where the warning was created)
[2025-06-30 16:58:12]Server started
[2025-06-30 16:58:15](node:1704) [DEP0040] DeprecationWarning: The `punycode` module is deprecated. Please use a userland alternative instead.
(Use `node --trace-deprecation ...` to show where the warning was created)
[2025-06-30 16:58:15]Server started
[2025-06-30 16:58:16]Incoming request - GET /api/worklog?cpf=48494344102 from ::1
[2025-06-30 16:58:17]empregadoData.id, inicio, fim e66ea3b0-c13f-4c2b-9aeb-02da933efcc3  
[2025-06-30 16:58:17]Erro interno no getRecordsModel: ReferenceError: data is not defined
[2025-06-30 16:58:17]Request failed
[2025-06-30 16:58:28](node:15512) [DEP0040] DeprecationWarning: The `punycode` module is deprecated. Please use a userland alternative instead.
(Use `node --trace-deprecation ...` to show where the warning was created)
[2025-06-30 16:58:28]Server started
[2025-06-30 16:58:29]Incoming request - GET /api/worklog?cpf=48494344102 from ::1
[2025-06-30 16:58:30]empregadoData.id, inicio, fim e66ea3b0-c13f-4c2b-9aeb-02da933efcc3  
[2025-06-30 16:58:30]data 
[2025-06-30 16:58:30]registros [object Object] fim
[2025-06-30 16:58:30]Request completed
[2025-06-30 16:59:04](node:15088) [DEP0040] DeprecationWarning: The `punycode` module is deprecated. Please use a userland alternative instead.
(Use `node --trace-deprecation ...` to show where the warning was created)
[2025-06-30 16:59:04]Server started
[2025-06-30 16:59:17](node:2056) [DEP0040] DeprecationWarning: The `punycode` module is deprecated. Please use a userland alternative instead.
(Use `node --trace-deprecation ...` to show where the warning was created)
[2025-06-30 16:59:17]Server started
[2025-06-30 16:59:27]Incoming request - GET /api/worklog?cpf=48494344102 from ::1
[2025-06-30 16:59:27]empregadoData.id, inicio, fim e66ea3b0-c13f-4c2b-9aeb-02da933efcc3  
[2025-06-30 16:59:27]data 
[2025-06-30 16:59:27]registros [object Object] fim
[2025-06-30 16:59:27]Request completed
[2025-06-30 16:59:40](node:15372) [DEP0040] DeprecationWarning: The `punycode` module is deprecated. Please use a userland alternative instead.
(Use `node --trace-deprecation ...` to show where the warning was created)
[2025-06-30 16:59:40]Server started
[2025-06-30 16:59:41]Incoming request - GET /api/worklog?cpf=48494344102 from ::1
[2025-06-30 16:59:41]empregadoData.id, inicio, fim e66ea3b0-c13f-4c2b-9aeb-02da933efcc3  
[2025-06-30 16:59:41]data 
[2025-06-30 16:59:41][object Object]
[2025-06-30 16:59:41]registros [object Object] fim
[2025-06-30 16:59:41]Request completed
[2025-06-30 17:00:52](node:780) [DEP0040] DeprecationWarning: The `punycode` module is deprecated. Please use a userland alternative instead.
(Use `node --trace-deprecation ...` to show where the warning was created)
[2025-06-30 17:00:52]Server started
[2025-06-30 17:00:56]Incoming request - GET /api/worklog?cpf=48494344102 from ::1
[2025-06-30 17:00:56]empregadoData.id, inicio, fim e66ea3b0-c13f-4c2b-9aeb-02da933efcc3  
[2025-06-30 17:00:56]data 
[2025-06-30 17:00:56][object Object]
[2025-06-30 17:00:56]registros [object Object] fim
[2025-06-30 17:00:56]Request completed
[2025-06-30 17:01:35](node:11380) [DEP0040] DeprecationWarning: The `punycode` module is deprecated. Please use a userland alternative instead.
(Use `node --trace-deprecation ...` to show where the warning was created)
[2025-06-30 17:01:35]Server started
[2025-06-30 17:01:40](node:4100) [DEP0040] DeprecationWarning: The `punycode` module is deprecated. Please use a userland alternative instead.
(Use `node --trace-deprecation ...` to show where the warning was created)
[2025-06-30 17:01:40]Server started
[2025-06-30 17:01:43](node:1712) [DEP0040] DeprecationWarning: The `punycode` module is deprecated. Please use a userland alternative instead.
(Use `node --trace-deprecation ...` to show where the warning was created)
[2025-06-30 17:01:43]Server started
[2025-06-30 17:01:49]Incoming request - GET /api/worklog?cpf=48494344102 from ::1
[2025-06-30 17:01:50]empregadoData.id, inicio, fim e66ea3b0-c13f-4c2b-9aeb-02da933efcc3  
[2025-06-30 17:01:50]data 
[2025-06-30 17:01:50][object Object]
[2025-06-30 17:01:50]Erro Supabase: [object Object]
[2025-06-30 17:01:50]registros [object Object] fim
[2025-06-30 17:01:50]Request completed
[2025-06-30 17:02:16](node:8324) [DEP0040] DeprecationWarning: The `punycode` module is deprecated. Please use a userland alternative instead.
(Use `node --trace-deprecation ...` to show where the warning was created)
[2025-06-30 17:02:16]Server started
[2025-06-30 17:02:25](node:15808) [DEP0040] DeprecationWarning: The `punycode` module is deprecated. Please use a userland alternative instead.
(Use `node --trace-deprecation ...` to show where the warning was created)
[2025-06-30 17:02:25]Server started
[2025-06-30 17:02:27]Incoming request - GET /api/worklog?cpf=48494344102 from ::1
[2025-06-30 17:02:27]empregadoData.id, inicio, fim e66ea3b0-c13f-4c2b-9aeb-02da933efcc3  
[2025-06-30 17:02:27]data 
[2025-06-30 17:02:27]Erro Supabase: NaN
[2025-06-30 17:02:27]registros [object Object] fim
[2025-06-30 17:02:27]Request completed
[2025-06-30 17:02:40](node:17804) [DEP0040] DeprecationWarning: The `punycode` module is deprecated. Please use a userland alternative instead.
(Use `node --trace-deprecation ...` to show where the warning was created)
[2025-06-30 17:02:40]Server started
[2025-06-30 17:02:43](node:5668) [DEP0040] DeprecationWarning: The `punycode` module is deprecated. Please use a userland alternative instead.
(Use `node --trace-deprecation ...` to show where the warning was created)
[2025-06-30 17:02:43]Server started
[2025-06-30 17:02:45]Incoming request - GET /api/worklog?cpf=48494344102 from ::1
[2025-06-30 17:02:45]empregadoData.id, inicio, fim e66ea3b0-c13f-4c2b-9aeb-02da933efcc3  
[2025-06-30 17:02:45]data 
[2025-06-30 17:02:45]Erro Supabase: [object Object]
[2025-06-30 17:02:45]registros [object Object] fim
[2025-06-30 17:02:45]Request completed
[2025-06-30 17:03:55](node:15912) [DEP0040] DeprecationWarning: The `punycode` module is deprecated. Please use a userland alternative instead.
(Use `node --trace-deprecation ...` to show where the warning was created)
[2025-06-30 17:03:55]Server started
[2025-06-30 17:04:00]Incoming request - GET /api/worklog?cpf=48494344102 from ::1
[2025-06-30 17:04:00]empregadoData.id, inicio, fim e66ea3b0-c13f-4c2b-9aeb-02da933efcc3  
[2025-06-30 17:04:01]data 
[2025-06-30 17:04:01]Erro Supabase:
[2025-06-30 17:04:01]{
  "message": "Could not find a relationship between 'register_work_logs' and 'sign_contract' in the schema cache",
  "details": "Searched for a foreign key relationship between 'register_work_logs' and 'sign_contract' in the schema 'public', but no matches were found.",
  "hint": "Perhaps you meant 'contracts' instead of 'sign_contract'.",
  "code": "PGRST200"
}
[2025-06-30 17:04:01]registros [object Object] fim
[2025-06-30 17:04:01]Request completed
[2025-06-30 17:04:37](node:12160) [DEP0040] DeprecationWarning: The `punycode` module is deprecated. Please use a userland alternative instead.
(Use `node --trace-deprecation ...` to show where the warning was created)
[2025-06-30 17:04:37]Server started
[2025-06-30 17:07:03](node:5636) [DEP0040] DeprecationWarning: The `punycode` module is deprecated. Please use a userland alternative instead.
(Use `node --trace-deprecation ...` to show where the warning was created)
[2025-06-30 17:07:03]Server started
[2025-06-30 17:07:06](node:14188) [DEP0040] DeprecationWarning: The `punycode` module is deprecated. Please use a userland alternative instead.
(Use `node --trace-deprecation ...` to show where the warning was created)
[2025-06-30 17:07:06]Server started
[2025-06-30 17:07:13]Incoming request - GET /api/worklog?cpf=48494344102 from ::1
[2025-06-30 17:07:14]empregadoData.id, inicio, fim e66ea3b0-c13f-4c2b-9aeb-02da933efcc3  
[2025-06-30 17:07:14]data 
[2025-06-30 17:07:14]Erro interno no getRecordsModel:
[2025-06-30 17:07:14]{}
[2025-06-30 17:07:14]Request failed
[2025-06-30 17:08:41](node:12348) [DEP0040] DeprecationWarning: The `punycode` module is deprecated. Please use a userland alternative instead.
(Use `node --trace-deprecation ...` to show where the warning was created)
[2025-06-30 17:08:41]Server started
[2025-06-30 17:08:43](node:16004) [DEP0040] DeprecationWarning: The `punycode` module is deprecated. Please use a userland alternative instead.
(Use `node --trace-deprecation ...` to show where the warning was created)
[2025-06-30 17:08:43]Server started
[2025-06-30 17:09:14](node:12232) [DEP0040] DeprecationWarning: The `punycode` module is deprecated. Please use a userland alternative instead.
(Use `node --trace-deprecation ...` to show where the warning was created)
[2025-06-30 17:09:14]Server started
[2025-06-30 17:09:27](node:10780) [DEP0040] DeprecationWarning: The `punycode` module is deprecated. Please use a userland alternative instead.
(Use `node --trace-deprecation ...` to show where the warning was created)
[2025-06-30 17:09:27]Server started
[2025-06-30 17:09:32]Incoming request - GET /api/worklog?cpf=48494344102 from ::1
[2025-06-30 17:09:33]empregadoData.id, inicio, fim e66ea3b0-c13f-4c2b-9aeb-02da933efcc3  
[2025-06-30 17:09:33]data [object Object],[object Object],[object Object],[object Object],[object Object]
[2025-06-30 17:09:33]retornei não, tá maluco
[2025-06-30 17:09:33]registros [object Object] fim
[2025-06-30 17:09:33]Request completed
[2025-06-30 17:09:36]Incoming request - GET /api/worklog?cpf=48494344102 from ::1
[2025-06-30 17:09:36]empregadoData.id, inicio, fim e66ea3b0-c13f-4c2b-9aeb-02da933efcc3  
[2025-06-30 17:09:36]data [object Object],[object Object],[object Object],[object Object],[object Object]
[2025-06-30 17:09:36]retornei não, tá maluco
[2025-06-30 17:09:36]registros [object Object] fim
[2025-06-30 17:09:36]Request completed
[2025-06-30 17:09:51](node:16040) [DEP0040] DeprecationWarning: The `punycode` module is deprecated. Please use a userland alternative instead.
(Use `node --trace-deprecation ...` to show where the warning was created)
[2025-06-30 17:09:51]Server started
[2025-06-30 17:09:56](node:5584) [DEP0040] DeprecationWarning: The `punycode` module is deprecated. Please use a userland alternative instead.
(Use `node --trace-deprecation ...` to show where the warning was created)
[2025-06-30 17:09:56]Server started
[2025-06-30 17:10:05](node:3392) [DEP0040] DeprecationWarning: The `punycode` module is deprecated. Please use a userland alternative instead.
(Use `node --trace-deprecation ...` to show where the warning was created)
[2025-06-30 17:10:05]Server started
[2025-06-30 17:10:06](node:16464) [DEP0040] DeprecationWarning: The `punycode` module is deprecated. Please use a userland alternative instead.
(Use `node --trace-deprecation ...` to show where the warning was created)
[2025-06-30 17:10:06]Server started
[2025-06-30 17:10:07]Incoming request - GET /api/worklog?cpf=48494344102 from ::1
[2025-06-30 17:10:07]Request completed
[2025-06-30 17:10:15](node:13196) [DEP0040] DeprecationWarning: The `punycode` module is deprecated. Please use a userland alternative instead.
(Use `node --trace-deprecation ...` to show where the warning was created)
[2025-06-30 17:10:15]Server started
[2025-06-30 17:10:18]Incoming request - GET /api/worklog?cpf=48494344102 from ::1
[2025-06-30 17:10:18]registros [object Object] fim
[2025-06-30 17:10:18]Request completed
[2025-06-30 17:10:24](node:8744) [DEP0040] DeprecationWarning: The `punycode` module is deprecated. Please use a userland alternative instead.
(Use `node --trace-deprecation ...` to show where the warning was created)
[2025-06-30 17:10:24]Server started
[2025-06-30 17:12:04](node:4028) [DEP0040] DeprecationWarning: The `punycode` module is deprecated. Please use a userland alternative instead.
(Use `node --trace-deprecation ...` to show where the warning was created)
[2025-06-30 17:12:04]Server started
[2025-06-30 17:12:30](node:11108) [DEP0040] DeprecationWarning: The `punycode` module is deprecated. Please use a userland alternative instead.
(Use `node --trace-deprecation ...` to show where the warning was created)
[2025-06-30 17:12:30]Server started
[2025-06-30 17:12:34]Incoming request - GET /api/worklog?cpf=48494344102 from ::1
[2025-06-30 17:12:35]Request completed
[2025-06-30 17:18:22](node:5000) [DEP0040] DeprecationWarning: The `punycode` module is deprecated. Please use a userland alternative instead.
(Use `node --trace-deprecation ...` to show where the warning was created)
[2025-06-30 17:18:22]Server started
[2025-06-30 17:18:55](node:9064) [DEP0040] DeprecationWarning: The `punycode` module is deprecated. Please use a userland alternative instead.
(Use `node --trace-deprecation ...` to show where the warning was created)
[2025-06-30 17:18:55]Server started
[2025-06-30 17:18:58]Incoming request - GET /api/worklog?cpf=48494344102 from ::1
[2025-06-30 17:18:59]Request completed
[2025-07-02 11:46:15](node:13660) [DEP0040] DeprecationWarning: The `punycode` module is deprecated. Please use a userland alternative instead.
(Use `node --trace-deprecation ...` to show where the warning was created)
[2025-07-02 11:46:15]Server started
[2025-07-02 11:46:21]Incoming request - OPTIONS /api/employers from ::1
[2025-07-02 11:46:21]Incoming request - GET /api/employers from ::1
[2025-07-02 11:46:22]Request completed
[2025-07-02 11:46:25]Incoming request - GET /api/employers from ::1
[2025-07-02 11:46:25]Request completed
[2025-07-02 11:46:26]Incoming request - OPTIONS /api/sign-contract from ::1
[2025-07-02 11:46:26]Incoming request - GET /api/sign-contract from ::1
[2025-07-02 11:46:26]Route not found - GET /api/sign-contract
[2025-07-02 11:46:26]Request failed
[2025-07-02 11:46:33]Incoming request - OPTIONS /api/login-admin from ::1
[2025-07-02 11:46:33]Incoming request - POST /api/login-admin from ::1
[2025-07-02 11:46:33]Request failed
[2025-07-02 11:47:18]Incoming request - OPTIONS /api/login-admin from ::1
[2025-07-02 11:47:18]Incoming request - POST /api/login-admin from ::1
[2025-07-02 11:47:18]Request failed
[2025-07-02 11:49:44]Incoming request - OPTIONS /api/login-admin from ::1
[2025-07-02 11:49:44]Incoming request - POST /api/login-admin from ::1
[2025-07-02 11:49:44]Request failed
[2025-07-02 11:51:00]Incoming request - OPTIONS /api/login from ::1
[2025-07-02 11:51:00]Incoming request - POST /api/login from ::1
[2025-07-02 11:51:00]Request completed
[2025-07-02 11:51:03]Incoming request - OPTIONS /api/employers from ::1
[2025-07-02 11:51:03]Incoming request - GET /api/employers from ::1
[2025-07-02 11:51:03]Request completed
[2025-07-02 11:51:10]Incoming request - OPTIONS /api/sign-contract from ::1
[2025-07-02 11:51:10]Incoming request - GET /api/sign-contract from ::1
[2025-07-02 11:51:10]Route not found - GET /api/sign-contract
[2025-07-02 11:51:10]Request failed
[2025-07-02 11:51:19]Incoming request - OPTIONS /api/employers from ::1
[2025-07-02 11:51:19]Incoming request - GET /api/employers from ::1
[2025-07-02 11:51:19]Request completed
[2025-07-02 11:51:28]Incoming request - OPTIONS /api/address from ::1
[2025-07-02 11:51:28]Incoming request - POST /api/address from ::1
[2025-07-02 11:51:28]Route not found - POST /api/address
[2025-07-02 11:51:28]Request failed
[2025-07-02 11:51:28]Incoming request - OPTIONS /api/employer from ::1
[2025-07-02 11:51:28]Incoming request - POST /api/employer from ::1
[2025-07-02 11:51:28]Request failed
[2025-07-02 11:51:33]Incoming request - OPTIONS /api/sign-contract from ::1
[2025-07-02 11:51:33]Incoming request - GET /api/sign-contract from ::1
[2025-07-02 11:51:33]Route not found - GET /api/sign-contract
[2025-07-02 11:51:33]Request failed
[2025-07-02 11:51:34]Incoming request - OPTIONS /api/employers from ::1
[2025-07-02 11:51:34]Incoming request - GET /api/employers from ::1
[2025-07-02 11:51:34]Request completed
[2025-07-02 12:18:40](node:1948) [DEP0040] DeprecationWarning: The `punycode` module is deprecated. Please use a userland alternative instead.
(Use `node --trace-deprecation ...` to show where the warning was created)
[2025-07-02 12:18:40]Server started
[2025-07-02 12:18:50]Incoming request - GET /api/worklog?cpf=48494344102 from ::1
[2025-07-02 12:18:52]Request completed
[2025-07-02 12:24:10]Incoming request - OPTIONS /api/employers from ::1
[2025-07-02 12:24:10]Incoming request - GET /api/employers from ::1
[2025-07-02 12:24:11]Request completed
[2025-07-02 12:24:12]Incoming request - OPTIONS /api/sign-contract from ::1
[2025-07-02 12:24:12]Incoming request - GET /api/sign-contract from ::1
[2025-07-02 12:24:12]Route not found - GET /api/sign-contract
[2025-07-02 12:24:12]Request failed
[2025-07-02 12:24:13]Incoming request - GET /api/employers from ::1
[2025-07-02 12:24:13]Request completed
[2025-07-02 12:24:17]Incoming request - GET /api/sign-contract from ::1
[2025-07-02 12:24:17]Route not found - GET /api/sign-contract
[2025-07-02 12:24:17]Request failed
[2025-07-02 12:24:17]Incoming request - OPTIONS /api/employers from ::1
[2025-07-02 12:24:17]Incoming request - GET /api/employers from ::1
[2025-07-02 12:24:17]Request completed
[2025-07-02 15:08:26](node:11420) [DEP0040] DeprecationWarning: The `punycode` module is deprecated. Please use a userland alternative instead.
(Use `node --trace-deprecation ...` to show where the warning was created)
[2025-07-02 15:08:26]Server started
[2025-07-02 15:08:33]Incoming request - GET /api/worklog?cpf=48494344102 from ::1
[2025-07-02 15:08:34]Request completed
[2025-07-02 15:11:08](node:9680) [DEP0040] DeprecationWarning: The `punycode` module is deprecated. Please use a userland alternative instead.
(Use `node --trace-deprecation ...` to show where the warning was created)
[2025-07-02 15:11:08]Server started
[2025-07-02 15:11:24](node:15636) [DEP0040] DeprecationWarning: The `punycode` module is deprecated. Please use a userland alternative instead.
(Use `node --trace-deprecation ...` to show where the warning was created)
[2025-07-02 15:11:24]Server started
[2025-07-02 15:11:26](node:2124) [DEP0040] DeprecationWarning: The `punycode` module is deprecated. Please use a userland alternative instead.
(Use `node --trace-deprecation ...` to show where the warning was created)
[2025-07-02 15:11:26]Server started
[2025-07-02 15:11:28](node:16352) [DEP0040] DeprecationWarning: The `punycode` module is deprecated. Please use a userland alternative instead.
(Use `node --trace-deprecation ...` to show where the warning was created)
[2025-07-02 15:11:28]Server started
[2025-07-02 15:11:34](node:7960) [DEP0040] DeprecationWarning: The `punycode` module is deprecated. Please use a userland alternative instead.
(Use `node --trace-deprecation ...` to show where the warning was created)
[2025-07-02 15:11:34]Server started
[2025-07-02 15:11:51](node:6064) [DEP0040] DeprecationWarning: The `punycode` module is deprecated. Please use a userland alternative instead.
(Use `node --trace-deprecation ...` to show where the warning was created)
[2025-07-02 15:11:51]Server started
[2025-07-02 15:12:07](node:11692) [DEP0040] DeprecationWarning: The `punycode` module is deprecated. Please use a userland alternative instead.
(Use `node --trace-deprecation ...` to show where the warning was created)
[2025-07-02 15:12:07]Server started
[2025-07-02 15:13:36](node:4996) [DEP0040] DeprecationWarning: The `punycode` module is deprecated. Please use a userland alternative instead.
(Use `node --trace-deprecation ...` to show where the warning was created)
[2025-07-02 15:13:36]Server started
[2025-07-02 15:13:41](node:376) [DEP0040] DeprecationWarning: The `punycode` module is deprecated. Please use a userland alternative instead.
(Use `node --trace-deprecation ...` to show where the warning was created)
[2025-07-02 15:13:41]Server started
[2025-07-02 15:13:49](node:13124) [DEP0040] DeprecationWarning: The `punycode` module is deprecated. Please use a userland alternative instead.
(Use `node --trace-deprecation ...` to show where the warning was created)
[2025-07-02 15:13:49]Server started
[2025-07-02 15:13:52](node:12516) [DEP0040] DeprecationWarning: The `punycode` module is deprecated. Please use a userland alternative instead.
(Use `node --trace-deprecation ...` to show where the warning was created)
[2025-07-02 15:13:52]Server started
[2025-07-02 15:14:19](node:16820) [DEP0040] DeprecationWarning: The `punycode` module is deprecated. Please use a userland alternative instead.
(Use `node --trace-deprecation ...` to show where the warning was created)
[2025-07-02 15:14:19]Server started
[2025-07-02 15:14:42](node:8136) [DEP0040] DeprecationWarning: The `punycode` module is deprecated. Please use a userland alternative instead.
(Use `node --trace-deprecation ...` to show where the warning was created)
[2025-07-02 15:14:42]Server started
[2025-07-02 15:14:49](node:9244) [DEP0040] DeprecationWarning: The `punycode` module is deprecated. Please use a userland alternative instead.
(Use `node --trace-deprecation ...` to show where the warning was created)
[2025-07-02 15:14:49]Server started
[2025-07-02 15:14:59](node:10516) [DEP0040] DeprecationWarning: The `punycode` module is deprecated. Please use a userland alternative instead.
(Use `node --trace-deprecation ...` to show where the warning was created)
[2025-07-02 15:14:59]Server started
[2025-07-02 15:15:01](node:3388) [DEP0040] DeprecationWarning: The `punycode` module is deprecated. Please use a userland alternative instead.
(Use `node --trace-deprecation ...` to show where the warning was created)
[2025-07-02 15:15:01]Server started
[2025-07-02 15:15:15](node:2860) [DEP0040] DeprecationWarning: The `punycode` module is deprecated. Please use a userland alternative instead.
(Use `node --trace-deprecation ...` to show where the warning was created)
[2025-07-02 15:15:15]Server started
[2025-07-02 15:15:21](node:13952) [DEP0040] DeprecationWarning: The `punycode` module is deprecated. Please use a userland alternative instead.
(Use `node --trace-deprecation ...` to show where the warning was created)
[2025-07-02 15:15:21]Server started
[2025-07-02 15:16:31](node:3852) [DEP0040] DeprecationWarning: The `punycode` module is deprecated. Please use a userland alternative instead.
(Use `node --trace-deprecation ...` to show where the warning was created)
[2025-07-02 15:16:31]Server started
[2025-07-02 15:17:48](node:12540) [DEP0040] DeprecationWarning: The `punycode` module is deprecated. Please use a userland alternative instead.
(Use `node --trace-deprecation ...` to show where the warning was created)
[2025-07-02 15:17:48]Server started
[2025-07-02 15:17:51](node:13660) [DEP0040] DeprecationWarning: The `punycode` module is deprecated. Please use a userland alternative instead.
(Use `node --trace-deprecation ...` to show where the warning was created)
[2025-07-02 15:17:51]Server started
[2025-07-02 15:18:02]Incoming request - GET /api/worklog?cpf=48494344102 from ::1
[2025-07-02 15:18:04]Request completed
[2025-07-02 15:18:08]Incoming request - GET /api/worklog?cpf=48494344102 from ::1
[2025-07-02 15:18:09]Request completed
[2025-07-02 15:22:17](node:328) [DEP0040] DeprecationWarning: The `punycode` module is deprecated. Please use a userland alternative instead.
(Use `node --trace-deprecation ...` to show where the warning was created)
[2025-07-02 15:22:17]Server started
[2025-07-02 15:22:23]Incoming request - GET /api/worklog?cpf=48494344102 from ::1
[2025-07-02 15:22:24]Request completed
[2025-07-02 15:23:18](node:16176) [DEP0040] DeprecationWarning: The `punycode` module is deprecated. Please use a userland alternative instead.
(Use `node --trace-deprecation ...` to show where the warning was created)
[2025-07-02 15:23:18]Server started
[2025-07-02 15:28:57](node:3552) [DEP0040] DeprecationWarning: The `punycode` module is deprecated. Please use a userland alternative instead.
(Use `node --trace-deprecation ...` to show where the warning was created)
[2025-07-02 15:28:57]Server started
[2025-07-02 15:28:59](node:17028) [DEP0040] DeprecationWarning: The `punycode` module is deprecated. Please use a userland alternative instead.
(Use `node --trace-deprecation ...` to show where the warning was created)
[2025-07-02 15:28:59]Server started
[2025-07-02 15:29:00](node:11956) [DEP0040] DeprecationWarning: The `punycode` module is deprecated. Please use a userland alternative instead.
(Use `node --trace-deprecation ...` to show where the warning was created)
[2025-07-02 15:29:00]Server started
[2025-07-02 15:29:01](node:12680) [DEP0040] DeprecationWarning: The `punycode` module is deprecated. Please use a userland alternative instead.
(Use `node --trace-deprecation ...` to show where the warning was created)
[2025-07-02 15:29:01]Server started
[2025-07-02 15:29:08](node:12340) [DEP0040] DeprecationWarning: The `punycode` module is deprecated. Please use a userland alternative instead.
(Use `node --trace-deprecation ...` to show where the warning was created)
[2025-07-02 15:29:08]Server started
[2025-07-02 15:58:53](node:1764) [DEP0040] DeprecationWarning: The `punycode` module is deprecated. Please use a userland alternative instead.
(Use `node --trace-deprecation ...` to show where the warning was created)
[2025-07-02 15:58:53]Server started
